<?xml version="1.0" encoding="UTF-8"?>
<testng-results ignored="0" total="1" passed="1" failed="0" skipped="0">
  <reporter-output>
  </reporter-output>
  <suite started-at="2024-06-15T18:49:11 IST" name="Default suite" finished-at="2024-06-15T18:49:14 IST" duration-ms="3354">
    <groups>
    </groups>
    <test started-at="2024-06-15T18:49:11 IST" name="Default test" finished-at="2024-06-15T18:49:14 IST" duration-ms="3354">
      <class name="com.p1.ParsingJSONresponseData">
        <test-method signature="dataCheck()[pri:0, instance:com.p1.ParsingJSONresponseData@65fb9ffc]" started-at="2024-06-15T18:49:11 IST" name="dataCheck" finished-at="2024-06-15T18:49:14 IST" duration-ms="3297" status="PASS">
          <reporter-output>
          </reporter-output>
        </test-method> <!-- dataCheck -->
      </class> <!-- com.p1.ParsingJSONresponseData -->
    </test> <!-- Default test -->
  </suite> <!-- Default suite -->
</testng-results>
